2018-08-16 15:55:20,653 [WARN ] (io.netty.bootstrap.ServerBootstrap.main): Unknown channel option 'SO_KEEPALIVE' for channel '[id: 0x5a06217d]'
2018-08-16 15:56:01,780 [WARN ] (io.netty.bootstrap.ServerBootstrap.main): Unknown channel option 'SO_KEEPALIVE' for channel '[id: 0x60da1c37]'
2018-08-16 16:29:50,503 [WARN ] (io.netty.bootstrap.ServerBootstrap.main): Unknown channel option 'SO_KEEPALIVE' for channel '[id: 0xd66340fa]'
2018-08-16 16:29:56,068 [WARN ] (io.netty.channel.DefaultChannelPipeline.nioEventLoopGroup-3-1): An exceptionCaught() event was fired, and it reached at the tail of the pipeline. It usually means the last handler in the pipeline did not handle the exception.
io.netty.handler.codec.DecoderException: io.netty.handler.ssl.NotSslRecordException: not an SSL/TLS record: 3d3d3d3d3d3d3d3d3d3de8bf99e58fa5e8af9de69da5e887aae5aea2e688b7e7abaf3d3d3d3d3d3d3d3d3d3d0d0a
	at io.netty.handler.codec.ByteToMessageDecoder.callDecode(ByteToMessageDecoder.java:459)
	at io.netty.handler.codec.ByteToMessageDecoder.channelRead(ByteToMessageDecoder.java:265)
	at io.netty.channel.AbstractChannelHandlerContext.invokeChannelRead(AbstractChannelHandlerContext.java:362)
	at io.netty.channel.AbstractChannelHandlerContext.invokeChannelRead(AbstractChannelHandlerContext.java:348)
	at io.netty.channel.AbstractChannelHandlerContext.fireChannelRead(AbstractChannelHandlerContext.java:340)
	at io.netty.channel.DefaultChannelPipeline$HeadContext.channelRead(DefaultChannelPipeline.java:1434)
	at io.netty.channel.AbstractChannelHandlerContext.invokeChannelRead(AbstractChannelHandlerContext.java:362)
	at io.netty.channel.AbstractChannelHandlerContext.invokeChannelRead(AbstractChannelHandlerContext.java:348)
	at io.netty.channel.DefaultChannelPipeline.fireChannelRead(DefaultChannelPipeline.java:965)
	at io.netty.channel.nio.AbstractNioByteChannel$NioByteUnsafe.read(AbstractNioByteChannel.java:163)
	at io.netty.channel.nio.NioEventLoop.processSelectedKey(NioEventLoop.java:646)
	at io.netty.channel.nio.NioEventLoop.processSelectedKeysOptimized(NioEventLoop.java:581)
	at io.netty.channel.nio.NioEventLoop.processSelectedKeys(NioEventLoop.java:498)
	at io.netty.channel.nio.NioEventLoop.run(NioEventLoop.java:460)
	at io.netty.util.concurrent.SingleThreadEventExecutor$5.run(SingleThreadEventExecutor.java:884)
	at io.netty.util.concurrent.FastThreadLocalRunnable.run(FastThreadLocalRunnable.java:30)
	at java.lang.Thread.run(Thread.java:745)
Caused by: io.netty.handler.ssl.NotSslRecordException: not an SSL/TLS record: 3d3d3d3d3d3d3d3d3d3de8bf99e58fa5e8af9de69da5e887aae5aea2e688b7e7abaf3d3d3d3d3d3d3d3d3d3d0d0a
	at io.netty.handler.ssl.SslHandler.decodeJdkCompatible(SslHandler.java:1156)
	at io.netty.handler.ssl.SslHandler.decode(SslHandler.java:1221)
	at io.netty.handler.codec.ByteToMessageDecoder.decodeRemovalReentryProtection(ByteToMessageDecoder.java:489)
	at io.netty.handler.codec.ByteToMessageDecoder.callDecode(ByteToMessageDecoder.java:428)
	... 16 more
2018-08-16 16:39:49,366 [WARN ] (io.netty.bootstrap.ServerBootstrap.main): Unknown channel option 'SO_KEEPALIVE' for channel '[id: 0x023f36b5]'
2018-08-16 16:40:33,034 [WARN ] (io.netty.bootstrap.ServerBootstrap.main): Unknown channel option 'SO_KEEPALIVE' for channel '[id: 0xaaeff433]'
2018-08-16 16:42:33,401 [WARN ] (io.netty.bootstrap.ServerBootstrap.main): Unknown channel option 'SO_KEEPALIVE' for channel '[id: 0x006f0cf8]'
2018-08-16 16:42:36,704 [WARN ] (io.netty.channel.DefaultChannelPipeline.nioEventLoopGroup-2-1): An exceptionCaught() event was fired, and it reached at the tail of the pipeline. It usually means the last handler in the pipeline did not handle the exception.
java.lang.ClassCastException: java.lang.String cannot be cast to io.netty.buffer.ByteBuf
	at com.dawndevil.netty.demo4.ssl.SSLClientHandler.channelRead(SSLClientHandler.java:11)
	at io.netty.channel.AbstractChannelHandlerContext.invokeChannelRead(AbstractChannelHandlerContext.java:362)
	at io.netty.channel.AbstractChannelHandlerContext.invokeChannelRead(AbstractChannelHandlerContext.java:348)
	at io.netty.channel.AbstractChannelHandlerContext.fireChannelRead(AbstractChannelHandlerContext.java:340)
	at io.netty.handler.codec.MessageToMessageDecoder.channelRead(MessageToMessageDecoder.java:102)
	at io.netty.channel.AbstractChannelHandlerContext.invokeChannelRead(AbstractChannelHandlerContext.java:362)
	at io.netty.channel.AbstractChannelHandlerContext.invokeChannelRead(AbstractChannelHandlerContext.java:348)
	at io.netty.channel.AbstractChannelHandlerContext.fireChannelRead(AbstractChannelHandlerContext.java:340)
	at io.netty.handler.codec.ByteToMessageDecoder.fireChannelRead(ByteToMessageDecoder.java:310)
	at io.netty.handler.codec.ByteToMessageDecoder.channelRead(ByteToMessageDecoder.java:284)
	at io.netty.channel.AbstractChannelHandlerContext.invokeChannelRead(AbstractChannelHandlerContext.java:362)
	at io.netty.channel.AbstractChannelHandlerContext.invokeChannelRead(AbstractChannelHandlerContext.java:348)
	at io.netty.channel.AbstractChannelHandlerContext.fireChannelRead(AbstractChannelHandlerContext.java:340)
	at io.netty.handler.ssl.SslHandler.unwrap(SslHandler.java:1407)
	at io.netty.handler.ssl.SslHandler.decodeJdkCompatible(SslHandler.java:1177)
	at io.netty.handler.ssl.SslHandler.decode(SslHandler.java:1221)
	at io.netty.handler.codec.ByteToMessageDecoder.decodeRemovalReentryProtection(ByteToMessageDecoder.java:489)
	at io.netty.handler.codec.ByteToMessageDecoder.callDecode(ByteToMessageDecoder.java:428)
	at io.netty.handler.codec.ByteToMessageDecoder.channelRead(ByteToMessageDecoder.java:265)
	at io.netty.channel.AbstractChannelHandlerContext.invokeChannelRead(AbstractChannelHandlerContext.java:362)
	at io.netty.channel.AbstractChannelHandlerContext.invokeChannelRead(AbstractChannelHandlerContext.java:348)
	at io.netty.channel.AbstractChannelHandlerContext.fireChannelRead(AbstractChannelHandlerContext.java:340)
	at io.netty.channel.DefaultChannelPipeline$HeadContext.channelRead(DefaultChannelPipeline.java:1434)
	at io.netty.channel.AbstractChannelHandlerContext.invokeChannelRead(AbstractChannelHandlerContext.java:362)
	at io.netty.channel.AbstractChannelHandlerContext.invokeChannelRead(AbstractChannelHandlerContext.java:348)
	at io.netty.channel.DefaultChannelPipeline.fireChannelRead(DefaultChannelPipeline.java:965)
	at io.netty.channel.nio.AbstractNioByteChannel$NioByteUnsafe.read(AbstractNioByteChannel.java:163)
	at io.netty.channel.nio.NioEventLoop.processSelectedKey(NioEventLoop.java:646)
	at io.netty.channel.nio.NioEventLoop.processSelectedKeysOptimized(NioEventLoop.java:581)
	at io.netty.channel.nio.NioEventLoop.processSelectedKeys(NioEventLoop.java:498)
	at io.netty.channel.nio.NioEventLoop.run(NioEventLoop.java:460)
	at io.netty.util.concurrent.SingleThreadEventExecutor$5.run(SingleThreadEventExecutor.java:884)
	at io.netty.util.concurrent.FastThreadLocalRunnable.run(FastThreadLocalRunnable.java:30)
	at java.lang.Thread.run(Thread.java:745)
2018-08-16 16:43:50,797 [WARN ] (io.netty.bootstrap.ServerBootstrap.main): Unknown channel option 'SO_KEEPALIVE' for channel '[id: 0xc6264553]'
2018-08-16 16:47:23,941 [WARN ] (io.netty.bootstrap.ServerBootstrap.main): Unknown channel option 'SO_KEEPALIVE' for channel '[id: 0x99518dea]'
2018-08-16 17:11:43,924 [WARN ] (io.netty.bootstrap.ServerBootstrap.main): Unknown channel option 'SO_KEEPALIVE' for channel '[id: 0x75de00ee]'
